<?xml version="1.0" encoding="UTF-8"?>
<!-- Generated by org.testng.reporters.JUnitReportReporter -->
<testsuite hostname="HP" failures="0" tests="2" name="webElement.ToRegisterAndLoginUserTest" time="9.048" errors="0" timestamp="29 Jan 2024 08:51:54 GMT" skipped="0">
  <testcase classname="webElement.ToRegisterAndLoginUserTest" name="toRegisterUserTest" time="6.280"/>
  <testcase classname="webElement.ToRegisterAndLoginUserTest" name="toLoginUserTest" time="2.768"/>
</testsuite> <!-- webElement.ToRegisterAndLoginUserTest -->
